{
  "RSpec": {
    "coverage": {
      "/Users/TheRainMonster/Desktop/HuemorMe/app/helpers/application_helper.rb": [
        1,
        null
      ],
      "/Users/TheRainMonster/Desktop/HuemorMe/app/models/user.rb": [
        1,
        null,
        1,
        1,
        1,
        null
      ],
      "/Users/TheRainMonster/Desktop/HuemorMe/app/models/lamp.rb": [
        1,
        1,
        null,
        1,
        1,
        null,
        null
      ],
      "/Users/TheRainMonster/Desktop/HuemorMe/app/controllers/users_controller.rb": [
        1,
        null,
        1,
        1,
        null,
        null,
        1,
        1,
        null,
        null,
        1,
        1,
        1,
        1,
        null,
        0,
        null,
        null,
        null,
        1,
        null,
        1,
        1,
        null,
        null
      ],
      "/Users/TheRainMonster/Desktop/HuemorMe/app/controllers/application_controller.rb": [
        1,
        null,
        null,
        1,
        null,
        1,
        null,
        1,
        null
      ],
      "/Users/TheRainMonster/Desktop/HuemorMe/lib/authentication.rb": [
        1,
        1,
        0,
        null,
        null,
        1,
        0,
        null,
        null,
        1,
        0,
        null,
        null
      ]
    },
    "timestamp": 1380296284
  }
}
